<?xml version="1.0" encoding="UTF-8"?>
<!-- Generated by org.testng.reporters.JUnitXMLReporter -->
<testsuite hostname="DESKTOP-B24PROE" ignored="0" name="Default test" tests="6" failures="0" timestamp="13 Feb 2023 16:36:35 GMT" time="4.227" errors="0">
  <testcase name="testPostuser" time="1.717" classname="api.test.DDTests"/>
  <testcase name="testPostuser" time="0.297" classname="api.test.DDTests"/>
  <testcase name="testPostuser" time="0.301" classname="api.test.DDTests"/>
  <testcase name="testDeleteUserByName" time="0.299" classname="api.test.DDTests"/>
  <testcase name="testDeleteUserByName" time="0.293" classname="api.test.DDTests"/>
  <testcase name="testDeleteUserByName" time="0.302" classname="api.test.DDTests"/>
</testsuite> <!-- Default test -->
