<?xml version="1.0" encoding="UTF-8"?>
<!-- Generated by org.testng.reporters.JUnitXMLReporter -->
<testsuite hostname="DESKTOP-B24PROE" ignored="0" name="Test" tests="4" failures="0" timestamp="13 Feb 2023 18:02:05 GMT" time="3.491" errors="0">
  <testcase name="testPostUser" time="1.715" classname="api.test.UserTests2"/>
  <testcase name="testGetUserByName" time="0.304" classname="api.test.UserTests2"/>
  <testcase name="testUpdateUserByName" time="0.601" classname="api.test.UserTests2"/>
  <testcase name="testDeleteUserByName" time="0.315" classname="api.test.UserTests2"/>
</testsuite> <!-- Test -->
