<?xml version="1.0" encoding="UTF-8"?>
<testng-results skipped="0" failed="0" ignored="0" total="4" passed="4">
  <reporter-output>
  </reporter-output>
  <suite name="Suite" duration-ms="3668" started-at="2023-02-13T18:24:02Z" finished-at="2023-02-13T18:24:05Z">
    <groups>
    </groups>
    <test name="Test" duration-ms="3668" started-at="2023-02-13T18:24:02Z" finished-at="2023-02-13T18:24:05Z">
      <class name="api.test.UserTests2">
        <test-method status="PASS" signature="setup()[pri:0, instance:api.test.UserTests2@20e2cbe0]" name="setup" is-config="true" duration-ms="594" started-at="2023-02-13T18:24:02Z" finished-at="2023-02-13T18:24:02Z">
          <reporter-output>
          </reporter-output>
        </test-method> <!-- setup -->
        <test-method status="PASS" signature="testPostUser()[pri:1, instance:api.test.UserTests2@20e2cbe0]" name="testPostUser" duration-ms="1754" started-at="2023-02-13T18:24:02Z" finished-at="2023-02-13T18:24:04Z">
          <reporter-output>
          </reporter-output>
        </test-method> <!-- testPostUser -->
        <test-method status="PASS" signature="testGetUserByName()[pri:2, instance:api.test.UserTests2@20e2cbe0]" name="testGetUserByName" duration-ms="308" started-at="2023-02-13T18:24:04Z" finished-at="2023-02-13T18:24:04Z">
          <reporter-output>
          </reporter-output>
        </test-method> <!-- testGetUserByName -->
        <test-method status="PASS" signature="testUpdateUserByName()[pri:3, instance:api.test.UserTests2@20e2cbe0]" name="testUpdateUserByName" duration-ms="587" started-at="2023-02-13T18:24:04Z" finished-at="2023-02-13T18:24:05Z">
          <reporter-output>
          </reporter-output>
        </test-method> <!-- testUpdateUserByName -->
        <test-method status="PASS" signature="testDeleteUserByName()[pri:4, instance:api.test.UserTests2@20e2cbe0]" name="testDeleteUserByName" duration-ms="297" started-at="2023-02-13T18:24:05Z" finished-at="2023-02-13T18:24:05Z">
          <reporter-output>
          </reporter-output>
        </test-method> <!-- testDeleteUserByName -->
      </class> <!-- api.test.UserTests2 -->
    </test> <!-- Test -->
  </suite> <!-- Suite -->
</testng-results>
